0 info it worked if it ends with ok
1 verbose cli [ 'node', '/usr/local/bin/npm', 'install' ]
2 info using npm@3.3.9
3 info using node@v0.12.7
4 verbose node symlink /usr/local/bin/node
5 silly loadCurrentTree Starting
6 silly install loadCurrentTree
7 silly install readLocalPackageData
8 silly install normalizeTree
9 silly loadCurrentTree Finishing
10 silly loadIdealTree Starting
11 silly install loadIdealTree
12 silly cloneCurrentTree Starting
13 silly install cloneCurrentTreeToIdealTree
14 silly cloneCurrentTree Finishing
15 silly loadShrinkwrap Starting
16 silly install loadShrinkwrap
17 silly loadShrinkwrap Finishing
18 silly loadAllDepsIntoIdealTree Starting
19 silly install loadAllDepsIntoIdealTree
20 silly fetchNamedPackageData request
21 silly mapToRegistry name request
22 silly mapToRegistry using default registry
23 silly mapToRegistry registry https://registry.npmjs.org/
24 silly mapToRegistry uri https://registry.npmjs.org/request
25 verbose request uri https://registry.npmjs.org/request
26 verbose request no auth needed
27 info attempt registry request try #1 at 16:49:37
28 verbose request id 0197bc5c13468f75
29 http request GET https://registry.npmjs.org/request
30 http 200 https://registry.npmjs.org/request
31 verbose headers { server: 'CouchDB/1.5.0 (Erlang OTP/R16B03)',
31 verbose headers   etag: '"BE6Z72DA8EYUR6QAMA8B5ABEB"',
31 verbose headers   'content-type': 'application/json',
31 verbose headers   'cache-control': 'max-age=60',
31 verbose headers   'content-length': '175314',
31 verbose headers   'accept-ranges': 'bytes',
31 verbose headers   date: 'Mon, 09 Nov 2015 15:49:37 GMT',
31 verbose headers   via: '1.1 varnish',
31 verbose headers   age: '3',
31 verbose headers   connection: 'keep-alive',
31 verbose headers   'x-served-by': 'cache-fra1231-FRA',
31 verbose headers   'x-cache': 'HIT',
31 verbose headers   'x-cache-hits': '1',
31 verbose headers   'x-timer': 'S1447084177.539792,VS0,VE1',
31 verbose headers   vary: 'Accept' }
32 silly get cb [ 200,
32 silly get   { server: 'CouchDB/1.5.0 (Erlang OTP/R16B03)',
32 silly get     etag: '"BE6Z72DA8EYUR6QAMA8B5ABEB"',
32 silly get     'content-type': 'application/json',
32 silly get     'cache-control': 'max-age=60',
32 silly get     'content-length': '175314',
32 silly get     'accept-ranges': 'bytes',
32 silly get     date: 'Mon, 09 Nov 2015 15:49:37 GMT',
32 silly get     via: '1.1 varnish',
32 silly get     age: '3',
32 silly get     connection: 'keep-alive',
32 silly get     'x-served-by': 'cache-fra1231-FRA',
32 silly get     'x-cache': 'HIT',
32 silly get     'x-cache-hits': '1',
32 silly get     'x-timer': 'S1447084177.539792,VS0,VE1',
32 silly get     vary: 'Accept' } ]
33 verbose get saving request to /Users/i324068/.npm/registry.npmjs.org/request/.cache.json
34 silly fetchPackageMetaData Error: No compatible version found: request@1.7.3
34 silly fetchPackageMetaData Valid install targets:
34 silly fetchPackageMetaData 2.65.0, 2.64.0, 2.63.0, 2.62.0, 2.61.0, 2.60.0, 2.59.0, 2.58.0, 2.57.0, 2.56.0, 2.55.0, 2.54.0, 2.53.0, 2.52.0, 2.51.0, 2.50.0, 2.49.0, 2.48.0, 2.47.0, 2.46.0, 2.45.0, 2.44.0, 2.43.0, 2.42.0, 2.41.0, 2.40.0, 2.39.0, 2.38.0, 2.37.0, 2.36.0, 2.35.0, 2.34.0, 2.33.0, 2.32.0, 2.31.0, 2.30.0, 2.29.0, 2.28.0, 2.27.0, 2.26.0, 2.25.0, 2.24.0, 2.23.0, 2.22.0, 2.21.0, 2.20.0, 2.19.0, 2.18.0, 2.16.6, 2.16.4, 2.16.2, 2.16.0, 2.14.0, 2.12.0, 2.11.4, 2.11.3, 2.11.2, 2.11.1, 2.11.0, 2.10.0, 2.9.203, 2.9.202, 2.9.201, 2.9.200, 2.9.153, 2.9.152, 2.9.151, 2.9.150, 2.9.100, 2.9.3, 2.9.2, 2.9.1, 2.9.0, 2.2.9, 2.2.6, 2.2.5, 2.2.0, 2.1.1, 2.1.0, 2.0.5, 2.0.4, 2.0.3, 2.0.2, 2.0.1, 2.0.0, 1.9.9, 1.9.8, 1.9.7, 1.9.5, 1.9.3, 1.9.2, 1.9.1, 1.9.0, 1.2.0, 1.1.1, 1.1.0, 1.0.0, 0.10.0, 0.9.5, 0.9.1, 0.9.0, 0.8.3
34 silly fetchPackageMetaData
34 silly fetchPackageMetaData     at pickVersionFromRegistryDocument (/usr/local/lib/node_modules/npm/lib/fetch-package-metadata.js:146:16)
34 silly fetchPackageMetaData     at /usr/local/lib/node_modules/npm/node_modules/iferr/index.js:13:50
34 silly fetchPackageMetaData     at /usr/local/lib/node_modules/npm/lib/utils/pulse-till-done.js:19:8
34 silly fetchPackageMetaData     at saved (/usr/local/lib/node_modules/npm/lib/cache/caching-client.js:168:7)
34 silly fetchPackageMetaData     at /usr/local/lib/node_modules/npm/node_modules/graceful-fs/polyfills.js:210:7
34 silly fetchPackageMetaData     at FSReqWrap.oncomplete (fs.js:95:15)
34 silly fetchPackageMetaData  error for request@1.7.3 [Error: No compatible version found: request@1.7.3
34 silly fetchPackageMetaData Valid install targets:
34 silly fetchPackageMetaData 2.65.0, 2.64.0, 2.63.0, 2.62.0, 2.61.0, 2.60.0, 2.59.0, 2.58.0, 2.57.0, 2.56.0, 2.55.0, 2.54.0, 2.53.0, 2.52.0, 2.51.0, 2.50.0, 2.49.0, 2.48.0, 2.47.0, 2.46.0, 2.45.0, 2.44.0, 2.43.0, 2.42.0, 2.41.0, 2.40.0, 2.39.0, 2.38.0, 2.37.0, 2.36.0, 2.35.0, 2.34.0, 2.33.0, 2.32.0, 2.31.0, 2.30.0, 2.29.0, 2.28.0, 2.27.0, 2.26.0, 2.25.0, 2.24.0, 2.23.0, 2.22.0, 2.21.0, 2.20.0, 2.19.0, 2.18.0, 2.16.6, 2.16.4, 2.16.2, 2.16.0, 2.14.0, 2.12.0, 2.11.4, 2.11.3, 2.11.2, 2.11.1, 2.11.0, 2.10.0, 2.9.203, 2.9.202, 2.9.201, 2.9.200, 2.9.153, 2.9.152, 2.9.151, 2.9.150, 2.9.100, 2.9.3, 2.9.2, 2.9.1, 2.9.0, 2.2.9, 2.2.6, 2.2.5, 2.2.0, 2.1.1, 2.1.0, 2.0.5, 2.0.4, 2.0.3, 2.0.2, 2.0.1, 2.0.0, 1.9.9, 1.9.8, 1.9.7, 1.9.5, 1.9.3, 1.9.2, 1.9.1, 1.9.0, 1.2.0, 1.1.1, 1.1.0, 1.0.0, 0.10.0, 0.9.5, 0.9.1, 0.9.0, 0.8.3
34 silly fetchPackageMetaData ]
35 silly rollbackFailedOptional Starting
36 silly rollbackFailedOptional Finishing
37 silly runTopLevelLifecycles Starting
38 silly runTopLevelLifecycles Finishing
39 silly install printInstalled
40 verbose stack Error: No compatible version found: request@1.7.3
40 verbose stack Valid install targets:
40 verbose stack 2.65.0, 2.64.0, 2.63.0, 2.62.0, 2.61.0, 2.60.0, 2.59.0, 2.58.0, 2.57.0, 2.56.0, 2.55.0, 2.54.0, 2.53.0, 2.52.0, 2.51.0, 2.50.0, 2.49.0, 2.48.0, 2.47.0, 2.46.0, 2.45.0, 2.44.0, 2.43.0, 2.42.0, 2.41.0, 2.40.0, 2.39.0, 2.38.0, 2.37.0, 2.36.0, 2.35.0, 2.34.0, 2.33.0, 2.32.0, 2.31.0, 2.30.0, 2.29.0, 2.28.0, 2.27.0, 2.26.0, 2.25.0, 2.24.0, 2.23.0, 2.22.0, 2.21.0, 2.20.0, 2.19.0, 2.18.0, 2.16.6, 2.16.4, 2.16.2, 2.16.0, 2.14.0, 2.12.0, 2.11.4, 2.11.3, 2.11.2, 2.11.1, 2.11.0, 2.10.0, 2.9.203, 2.9.202, 2.9.201, 2.9.200, 2.9.153, 2.9.152, 2.9.151, 2.9.150, 2.9.100, 2.9.3, 2.9.2, 2.9.1, 2.9.0, 2.2.9, 2.2.6, 2.2.5, 2.2.0, 2.1.1, 2.1.0, 2.0.5, 2.0.4, 2.0.3, 2.0.2, 2.0.1, 2.0.0, 1.9.9, 1.9.8, 1.9.7, 1.9.5, 1.9.3, 1.9.2, 1.9.1, 1.9.0, 1.2.0, 1.1.1, 1.1.0, 1.0.0, 0.10.0, 0.9.5, 0.9.1, 0.9.0, 0.8.3
40 verbose stack
40 verbose stack     at pickVersionFromRegistryDocument (/usr/local/lib/node_modules/npm/lib/fetch-package-metadata.js:146:16)
40 verbose stack     at /usr/local/lib/node_modules/npm/node_modules/iferr/index.js:13:50
40 verbose stack     at /usr/local/lib/node_modules/npm/lib/utils/pulse-till-done.js:19:8
40 verbose stack     at saved (/usr/local/lib/node_modules/npm/lib/cache/caching-client.js:168:7)
40 verbose stack     at /usr/local/lib/node_modules/npm/node_modules/graceful-fs/polyfills.js:210:7
40 verbose stack     at FSReqWrap.oncomplete (fs.js:95:15)
41 verbose cwd /Users/i324068/Desktop/hybris_tut/email_sender
42 error Darwin 15.0.0
43 error argv "node" "/usr/local/bin/npm" "install"
44 error node v0.12.7
45 error npm  v3.3.9
46 error No compatible version found: request@1.7.3
46 error Valid install targets:
46 error 2.65.0, 2.64.0, 2.63.0, 2.62.0, 2.61.0, 2.60.0, 2.59.0, 2.58.0, 2.57.0, 2.56.0, 2.55.0, 2.54.0, 2.53.0, 2.52.0, 2.51.0, 2.50.0, 2.49.0, 2.48.0, 2.47.0, 2.46.0, 2.45.0, 2.44.0, 2.43.0, 2.42.0, 2.41.0, 2.40.0, 2.39.0, 2.38.0, 2.37.0, 2.36.0, 2.35.0, 2.34.0, 2.33.0, 2.32.0, 2.31.0, 2.30.0, 2.29.0, 2.28.0, 2.27.0, 2.26.0, 2.25.0, 2.24.0, 2.23.0, 2.22.0, 2.21.0, 2.20.0, 2.19.0, 2.18.0, 2.16.6, 2.16.4, 2.16.2, 2.16.0, 2.14.0, 2.12.0, 2.11.4, 2.11.3, 2.11.2, 2.11.1, 2.11.0, 2.10.0, 2.9.203, 2.9.202, 2.9.201, 2.9.200, 2.9.153, 2.9.152, 2.9.151, 2.9.150, 2.9.100, 2.9.3, 2.9.2, 2.9.1, 2.9.0, 2.2.9, 2.2.6, 2.2.5, 2.2.0, 2.1.1, 2.1.0, 2.0.5, 2.0.4, 2.0.3, 2.0.2, 2.0.1, 2.0.0, 1.9.9, 1.9.8, 1.9.7, 1.9.5, 1.9.3, 1.9.2, 1.9.1, 1.9.0, 1.2.0, 1.1.1, 1.1.0, 1.0.0, 0.10.0, 0.9.5, 0.9.1, 0.9.0, 0.8.3
47 error If you need help, you may report this error at:
47 error     <https://github.com/npm/npm/issues>
48 verbose exit [ 1, true ]
